[08-Oct-2025 23:24:10 Europe/Berlin] Fetched 3 threads
[08-Oct-2025 23:24:10 Europe/Berlin] Fetched 3 threads
[08-Oct-2025 23:24:12 Europe/Berlin] Fetched 3 threads
[08-Oct-2025 23:24:36 Europe/Berlin] Thread init - Customer ID: 16, Name: Moen Secapuri
[08-Oct-2025 23:24:36 Europe/Berlin] Found existing thread: E12BBF23C765B137ECC6DFDDA9B6E419
[08-Oct-2025 23:26:01 Europe/Berlin] Fetched 3 threads
[08-Oct-2025 23:26:01 Europe/Berlin] Fetched 3 threads
[08-Oct-2025 23:26:03 Europe/Berlin] Fetched 3 threads
[08-Oct-2025 23:26:11 Europe/Berlin] Fetched 3 threads
[08-Oct-2025 23:26:11 Europe/Berlin] Fetched 3 threads
[08-Oct-2025 23:26:17 Europe/Berlin] Thread init - Customer ID: 19, Name: vien santos
[08-Oct-2025 23:26:17 Europe/Berlin] Found existing thread: 57F84B08CC89FE1733CF3FA628487512
[08-Oct-2025 23:26:43 Europe/Berlin] Fetched 3 threads
[08-Oct-2025 23:26:43 Europe/Berlin] Fetched 3 threads
[08-Oct-2025 23:26:51 Europe/Berlin] Fetched 3 threads
[08-Oct-2025 23:26:53 Europe/Berlin] Fetched 3 threads
[08-Oct-2025 23:26:53 Europe/Berlin] Fetched 3 threads
[08-Oct-2025 23:27:03 Europe/Berlin] Fetched 3 threads
[08-Oct-2025 23:27:04 Europe/Berlin] Fetched 3 threads
[08-Oct-2025 23:27:13 Europe/Berlin] Fetched 3 threads
[08-Oct-2025 23:27:14 Europe/Berlin] Fetched 3 threads
[08-Oct-2025 23:27:23 Europe/Berlin] Fetched 3 threads
[08-Oct-2025 23:27:24 Europe/Berlin] Fetched 3 threads
[08-Oct-2025 23:27:33 Europe/Berlin] Fetched 3 threads
[08-Oct-2025 23:27:34 Europe/Berlin] Fetched 3 threads
[08-Oct-2025 23:27:43 Europe/Berlin] Fetched 3 threads
[08-Oct-2025 23:27:44 Europe/Berlin] Fetched 3 threads
[08-Oct-2025 23:27:53 Europe/Berlin] Fetched 3 threads
[08-Oct-2025 23:27:54 Europe/Berlin] Fetched 3 threads
[08-Oct-2025 23:28:23 Europe/Berlin] Fetched 3 threads
[08-Oct-2025 23:28:23 Europe/Berlin] Fetched 3 threads
[08-Oct-2025 23:29:23 Europe/Berlin] Fetched 3 threads
[08-Oct-2025 23:29:23 Europe/Berlin] Fetched 3 threads
[08-Oct-2025 23:30:23 Europe/Berlin] Fetched 3 threads
[08-Oct-2025 23:30:23 Europe/Berlin] Fetched 3 threads
[08-Oct-2025 23:31:23 Europe/Berlin] Fetched 3 threads
[08-Oct-2025 23:31:23 Europe/Berlin] Fetched 3 threads
[08-Oct-2025 23:40:00 Europe/Berlin] Fetched 3 threads
[08-Oct-2025 23:40:00 Europe/Berlin] Fetched 3 threads
[08-Oct-2025 23:40:03 Europe/Berlin] Fetched 3 threads
[08-Oct-2025 23:40:03 Europe/Berlin] Fetched 3 threads
[08-Oct-2025 23:40:06 Europe/Berlin] Fetched 3 threads
[08-Oct-2025 23:40:06 Europe/Berlin] Fetched 3 threads
[08-Oct-2025 23:40:09 Europe/Berlin] Fetched 3 threads
[08-Oct-2025 23:40:16 Europe/Berlin] Fetched 3 threads
[08-Oct-2025 23:40:16 Europe/Berlin] Fetched 3 threads
[08-Oct-2025 23:40:26 Europe/Berlin] Fetched 3 threads
[08-Oct-2025 23:40:26 Europe/Berlin] Fetched 3 threads
[08-Oct-2025 23:40:36 Europe/Berlin] Fetched 3 threads
[08-Oct-2025 23:40:36 Europe/Berlin] Fetched 3 threads
[08-Oct-2025 23:40:46 Europe/Berlin] Fetched 3 threads
[08-Oct-2025 23:40:46 Europe/Berlin] Fetched 3 threads
[08-Oct-2025 23:40:56 Europe/Berlin] Fetched 3 threads
[08-Oct-2025 23:40:56 Europe/Berlin] Fetched 3 threads
[08-Oct-2025 23:41:06 Europe/Berlin] Fetched 3 threads
[08-Oct-2025 23:41:06 Europe/Berlin] Fetched 3 threads
[08-Oct-2025 23:41:16 Europe/Berlin] Fetched 3 threads
[08-Oct-2025 23:41:16 Europe/Berlin] Fetched 3 threads
[08-Oct-2025 23:41:26 Europe/Berlin] Fetched 3 threads
[08-Oct-2025 23:41:26 Europe/Berlin] Fetched 3 threads
[08-Oct-2025 23:41:36 Europe/Berlin] Fetched 3 threads
[08-Oct-2025 23:41:36 Europe/Berlin] Fetched 3 threads
[08-Oct-2025 23:41:46 Europe/Berlin] Fetched 3 threads
[08-Oct-2025 23:41:46 Europe/Berlin] Fetched 3 threads
[08-Oct-2025 23:41:56 Europe/Berlin] Fetched 3 threads
[08-Oct-2025 23:41:56 Europe/Berlin] Fetched 3 threads
[08-Oct-2025 23:42:07 Europe/Berlin] Fetched 3 threads
[08-Oct-2025 23:42:07 Europe/Berlin] Fetched 3 threads
[08-Oct-2025 23:42:17 Europe/Berlin] Fetched 3 threads
[08-Oct-2025 23:42:17 Europe/Berlin] Fetched 3 threads
[08-Oct-2025 23:42:27 Europe/Berlin] Fetched 3 threads
[08-Oct-2025 23:42:27 Europe/Berlin] Fetched 3 threads
[08-Oct-2025 23:42:37 Europe/Berlin] Fetched 3 threads
[08-Oct-2025 23:42:37 Europe/Berlin] Fetched 3 threads
[08-Oct-2025 23:42:47 Europe/Berlin] Fetched 3 threads
[08-Oct-2025 23:42:47 Europe/Berlin] Fetched 3 threads
[08-Oct-2025 23:42:57 Europe/Berlin] Fetched 3 threads
[08-Oct-2025 23:42:57 Europe/Berlin] Fetched 3 threads
[08-Oct-2025 23:43:07 Europe/Berlin] Fetched 3 threads
[08-Oct-2025 23:43:07 Europe/Berlin] Fetched 3 threads
[08-Oct-2025 23:43:17 Europe/Berlin] Fetched 3 threads
[08-Oct-2025 23:43:17 Europe/Berlin] Fetched 3 threads
[08-Oct-2025 23:43:27 Europe/Berlin] Fetched 3 threads
[08-Oct-2025 23:43:27 Europe/Berlin] Fetched 3 threads
[08-Oct-2025 23:43:37 Europe/Berlin] Fetched 3 threads
[08-Oct-2025 23:43:37 Europe/Berlin] Fetched 3 threads
[08-Oct-2025 23:43:47 Europe/Berlin] Fetched 3 threads
[08-Oct-2025 23:43:47 Europe/Berlin] Fetched 3 threads
[08-Oct-2025 23:44:23 Europe/Berlin] Fetched 3 threads
[08-Oct-2025 23:44:23 Europe/Berlin] Fetched 3 threads
[08-Oct-2025 23:45:00 Europe/Berlin] Fetched 3 threads
[08-Oct-2025 23:45:00 Europe/Berlin] Fetched 3 threads
[08-Oct-2025 23:45:12 Europe/Berlin] Thread init - Customer ID: 17, Name: Moen Secapuri
[08-Oct-2025 23:45:12 Europe/Berlin] Found existing thread: 8A4C83FDA3C3E38DD3548FF63EC0EF06
[08-Oct-2025 23:46:28 Europe/Berlin] Fetched 3 threads
[08-Oct-2025 23:46:28 Europe/Berlin] Fetched 3 threads
[08-Oct-2025 23:46:30 Europe/Berlin] Fetched 3 threads
[08-Oct-2025 23:46:38 Europe/Berlin] Fetched 3 threads
[08-Oct-2025 23:46:38 Europe/Berlin] Fetched 3 threads
[08-Oct-2025 23:46:49 Europe/Berlin] Fetched 3 threads
[08-Oct-2025 23:46:49 Europe/Berlin] Fetched 3 threads
[08-Oct-2025 23:46:59 Europe/Berlin] Fetched 3 threads
[08-Oct-2025 23:46:59 Europe/Berlin] Fetched 3 threads
[08-Oct-2025 23:47:09 Europe/Berlin] Fetched 3 threads
[08-Oct-2025 23:47:09 Europe/Berlin] Fetched 3 threads
[08-Oct-2025 23:47:19 Europe/Berlin] Fetched 3 threads
[08-Oct-2025 23:47:19 Europe/Berlin] Fetched 3 threads
[08-Oct-2025 23:47:29 Europe/Berlin] Fetched 3 threads
[08-Oct-2025 23:47:29 Europe/Berlin] Fetched 3 threads
[08-Oct-2025 23:47:39 Europe/Berlin] Fetched 3 threads
[08-Oct-2025 23:47:39 Europe/Berlin] Fetched 3 threads
[08-Oct-2025 23:48:23 Europe/Berlin] Fetched 3 threads
[08-Oct-2025 23:48:23 Europe/Berlin] Fetched 3 threads
[08-Oct-2025 23:49:23 Europe/Berlin] Fetched 3 threads
[08-Oct-2025 23:49:23 Europe/Berlin] Fetched 3 threads
[08-Oct-2025 23:50:23 Europe/Berlin] Fetched 3 threads
[08-Oct-2025 23:50:23 Europe/Berlin] Fetched 3 threads
[08-Oct-2025 23:50:52 Europe/Berlin] Fetched 3 threads
[08-Oct-2025 23:50:52 Europe/Berlin] Fetched 3 threads
[08-Oct-2025 23:50:59 Europe/Berlin] Fetched 3 threads
[08-Oct-2025 23:50:59 Europe/Berlin] Fetched 3 threads
[08-Oct-2025 23:51:08 Europe/Berlin] Fetched 3 threads
[08-Oct-2025 23:51:08 Europe/Berlin] Fetched 3 threads
[08-Oct-2025 23:51:14 Europe/Berlin] Fetched 3 threads
[08-Oct-2025 23:51:14 Europe/Berlin] Fetched 3 threads
[08-Oct-2025 23:51:16 Europe/Berlin] Fetched 3 threads
[08-Oct-2025 23:51:24 Europe/Berlin] Fetched 3 threads
[08-Oct-2025 23:51:24 Europe/Berlin] Fetched 3 threads
[08-Oct-2025 23:51:35 Europe/Berlin] Fetched 3 threads
[08-Oct-2025 23:51:35 Europe/Berlin] Fetched 3 threads
[08-Oct-2025 23:51:45 Europe/Berlin] Fetched 3 threads
[08-Oct-2025 23:51:45 Europe/Berlin] Fetched 3 threads
[08-Oct-2025 23:51:55 Europe/Berlin] Fetched 3 threads
[08-Oct-2025 23:51:55 Europe/Berlin] Fetched 3 threads
[08-Oct-2025 23:52:05 Europe/Berlin] Fetched 3 threads
[08-Oct-2025 23:52:05 Europe/Berlin] Fetched 3 threads
[08-Oct-2025 23:52:15 Europe/Berlin] Fetched 3 threads
[08-Oct-2025 23:52:15 Europe/Berlin] Fetched 3 threads
[08-Oct-2025 23:52:25 Europe/Berlin] Fetched 3 threads
[08-Oct-2025 23:52:25 Europe/Berlin] Fetched 3 threads
[08-Oct-2025 23:53:23 Europe/Berlin] Fetched 3 threads
[08-Oct-2025 23:53:23 Europe/Berlin] Fetched 3 threads
[08-Oct-2025 23:54:23 Europe/Berlin] Fetched 3 threads
[08-Oct-2025 23:54:23 Europe/Berlin] Fetched 3 threads
[08-Oct-2025 23:55:23 Europe/Berlin] Fetched 3 threads
[08-Oct-2025 23:55:23 Europe/Berlin] Fetched 3 threads
[08-Oct-2025 23:56:23 Europe/Berlin] Fetched 3 threads
[08-Oct-2025 23:56:23 Europe/Berlin] Fetched 3 threads
